Arguments: 
  /home/dev/.nvm/versions/node/v12.18.0/bin/node /usr/share/yarn/bin/yarn.js add @superfluid-finance/js-sdk0.2.0 -D

PATH: 
  /home/dev/.nvm/versions/node/v12.18.0/bin:/home/linuxbrew/.linuxbrew/bin:/home/linuxbrew/.linuxbrew/sbin:/usr/local/sbin:/usr/local/bin:/usr/sbin:/usr/bin:/sbin:/bin:/usr/games:/usr/local/games:/snap/bin

Yarn version: 
  1.22.5

Node version: 
  12.18.0

Platform: 
  linux x64

Trace: 
  Error: https://registry.yarnpkg.com/@superfluid-finance%2fjs-sdk0.2.0: Not found
      at Request.params.callback [as _callback] (/usr/share/yarn/lib/cli.js:66988:18)
      at Request.self.callback (/usr/share/yarn/lib/cli.js:140749:22)
      at Request.emit (events.js:315:20)
      at Request.<anonymous> (/usr/share/yarn/lib/cli.js:141721:10)
      at Request.emit (events.js:315:20)
      at IncomingMessage.<anonymous> (/usr/share/yarn/lib/cli.js:141643:12)
      at Object.onceWrapper (events.js:421:28)
      at IncomingMessage.emit (events.js:327:22)
      at endReadableNT (_stream_readable.js:1221:12)
      at processTicksAndRejections (internal/process/task_queues.js:84:21)

npm manifest: 
  {
      "name": "@superfluid-finance/ethereum-contracts",
      "version": "0.2.0-latest",
      "description": " Ethereum contracts implementation for the Superfluid Protocol",
      "repository": "github:superfluid-finance/ethereum-contracts",
      "license": "MIT",
      "files": [
          "/contracts/**/*.sol",
          "/contracts/**/*.json",
          "!/contracts/mocks/*",
          "/build/abi.js",
          "/build/contracts/*.json",
          "!/build/contracts/*Mock.json",
          "!/build/contracts/*Tester.json",
          "scripts/**/*.js",
          "scripts/**/*.sh"
      ],
      "scripts": {
          "dev": "nodemon -e sol,js -i build -x 'npm run test 2>&1'",
          "build": "run-s build:*",
          "build:contracts": "rm -f build/contracts/*;truffle compile /src",
          "build:abi": "scripts/build-abi-js.sh",
          "pretest": "run-s lint build",
          "test": "run-s test:*",
          "test:contracts": "truffle test test/contracts.test.js && cat build/eth-gas-report.txt | tee build/contracts-eth-gas-report.txt",
          "test:apps": "truffle test test test/apps.test.js",
          "test:deployment": "truffle test test/deployment.test.js",
          "test-coverage": "npm run build && truffle run coverage --file test/contracts.test.js",
          "proxify": "truffle-flattener contracts/RToken.sol > flat.ignore.sol && sol-proxy create flat.ignore.sol",
          "lint": "solhint -w 0 src/contracts/*.sol src/contracts/*/*.sol && echo '✔  Your .sol files look good.'",
          "focused-tests": "grep -FR .only test || { echo 'No test is focused.';exit 0; } && { echo '✘ You have focused tests.'; exit 1; }",
          "pre-commit": "lint-staged"
      },
      "lint-staged": {
          "**/*.+(js|jsx|ts|tsx|json|sol)": [
              "yarn lint"
          ]
      },
      "dependencies": {
          "@openzeppelin/contracts": "3.3.0-solc-0.7",
          "@truffle/contract": "4.3.4",
          "ethereumjs-tx": "2.1.2",
          "ethereumjs-util": "7.0.7"
      },
      "devDependencies": {
          "@decentral.ee/web3-helpers": "^0.3.5",
          "@openzeppelin/test-helpers": "^0.5.10",
          "@truffle/hdwallet-provider": "^1.2.1",
          "dotenv": "^8.2.0",
          "ganache-time-traveler": "^1.0.15",
          "npm-run-all": "^4.1.5",
          "readline": "^1.3.0",
          "solhint": "^3.3.2",
          "solidity-coverage": "^0.7.13",
          "truffle": "^5.1.49",
          "truffle-flattener": "^1.5.0",
          "truffle-plugin-verify": "^0.5.4"
      }
  }

yarn manifest: 
  No manifest

Lockfile: 
  No lockfile
